unity/builds/android/unityLibrary/build/intermediates/manifest_merge_blame_file/debug/manifest-merger-blame-debug-report.txt
1<?xml version="1.0" encoding="utf-8"?>
2<manifest xmlns:android="http://schemas.android.com/apk/res/android"
3    xmlns:tools="http://schemas.android.com/tools"
4    package="com.unity3d.player" >
5
6    <uses-sdk android:minSdkVersion="24" />
7
8    <uses-permission android:name="android.permission.INTERNET" />
8-->src/main/AndroidManifest.xml:2:3-65
8-->src/main/AndroidManifest.xml:2:20-62
9    <uses-permission android:name="android.permission.ACCESS_NETWORK_STATE" />
9-->src/main/AndroidManifest.xml:3:3-77
9-->src/main/AndroidManifest.xml:3:20-74
10    <uses-permission android:name="android.permission.ACCESS_FINE_LOCATION" />
10-->src/main/AndroidManifest.xml:4:3-77
10-->src/main/AndroidManifest.xml:4:20-74
11    <uses-permission
11-->src/main/AndroidManifest.xml:5:3-106
12        android:name="android.permission.ACCESS_COARSE_LOCATION"
12-->src/main/AndroidManifest.xml:5:20-76
13        android:minSdkVersion="31" />
13-->src/main/AndroidManifest.xml:5:77-103
14
15    <uses-feature android:glEsVersion="0x00030000" />
15-->src/main/AndroidManifest.xml:6:3-52
15-->src/main/AndroidManifest.xml:6:17-49
16    <uses-feature
16-->src/main/AndroidManifest.xml:7:3-88
17        android:name="android.hardware.location.gps"
17-->src/main/AndroidManifest.xml:7:17-61
18        android:required="True" />
18-->src/main/AndroidManifest.xml:7:62-85
19    <uses-feature
19-->src/main/AndroidManifest.xml:8:3-84
20        android:name="android.hardware.location"
20-->src/main/AndroidManifest.xml:8:17-57
21        android:required="True" />
21-->src/main/AndroidManifest.xml:8:58-81
22    <uses-feature
22-->src/main/AndroidManifest.xml:9:3-88
23        android:name="android.hardware.touchscreen"
23-->src/main/AndroidManifest.xml:9:17-60
24        android:required="false" />
24-->src/main/AndroidManifest.xml:9:61-85
25    <uses-feature
25-->src/main/AndroidManifest.xml:10:3-99
26        android:name="android.hardware.touchscreen.multitouch"
26-->src/main/AndroidManifest.xml:10:17-71
27        android:required="false" />
27-->src/main/AndroidManifest.xml:10:72-96
28    <uses-feature
28-->src/main/AndroidManifest.xml:11:3-108
29        android:name="android.hardware.touchscreen.multitouch.distinct"
29-->src/main/AndroidManifest.xml:11:17-80
30        android:required="false" />
30-->src/main/AndroidManifest.xml:11:81-105
31
32    <uses-permission android:name="android.permission.CAMERA" />
32-->src/main/AndroidManifest.xml:31:3-63
32-->src/main/AndroidManifest.xml:31:20-60
33
34    <uses-feature
34-->src/main/AndroidManifest.xml:32:3-85
35        android:name="android.hardware.camera.ar"
35-->src/main/AndroidManifest.xml:32:17-58
36        android:required="true" />
36-->src/main/AndroidManifest.xml:32:59-82
37    <uses-feature
37-->src/main/AndroidManifest.xml:33:3-83
38        android:name="com.google.ar.core.depth"
38-->src/main/AndroidManifest.xml:33:17-56
39        android:required="true" />
39-->src/main/AndroidManifest.xml:33:57-80
40
41    <application android:extractNativeLibs="true" >
41-->src/main/AndroidManifest.xml:12:3-30:17
41-->src/main/AndroidManifest.xml:12:16-48
42        <meta-data
42-->src/main/AndroidManifest.xml:13:5-69
43            android:name="unity.splash-mode"
43-->src/main/AndroidManifest.xml:13:16-48
44            android:value="0" />
44-->src/main/AndroidManifest.xml:13:49-66
45        <meta-data
45-->src/main/AndroidManifest.xml:14:5-74
46            android:name="unity.splash-enable"
46-->src/main/AndroidManifest.xml:14:16-50
47            android:value="True" />
47-->src/main/AndroidManifest.xml:14:51-71
48        <meta-data
48-->src/main/AndroidManifest.xml:15:5-78
49            android:name="unity.launch-fullscreen"
49-->src/main/AndroidManifest.xml:15:16-54
50            android:value="True" />
50-->src/main/AndroidManifest.xml:15:55-75
51        <meta-data
51-->src/main/AndroidManifest.xml:16:5-84
52            android:name="unity.allow-resizable-window"
52-->src/main/AndroidManifest.xml:16:16-59
53            android:value="False" />
53-->src/main/AndroidManifest.xml:16:60-81
54        <meta-data
54-->src/main/AndroidManifest.xml:17:5-81
55            android:name="notch.config"
55-->src/main/AndroidManifest.xml:17:16-43
56            android:value="portrait|landscape" />
56-->src/main/AndroidManifest.xml:17:44-78
57        <meta-data
57-->src/main/AndroidManifest.xml:18:5-84
58            android:name="unity.auto-report-fully-drawn"
58-->src/main/AndroidManifest.xml:18:16-60
59            android:value="true" />
59-->src/main/AndroidManifest.xml:18:61-81
60
61        <activity
61-->src/main/AndroidManifest.xml:19:5-26:16
62            android:name="com.unity3d.player.UnityPlayerActivity"
62-->src/main/AndroidManifest.xml:19:15-68
63            android:configChanges="mcc|mnc|locale|touchscreen|keyboard|keyboardHidden|navigation|orientation|screenLayout|uiMode|screenSize|smallestScreenSize|fontScale|layoutDirection|density"
63-->src/main/AndroidManifest.xml:19:180-361
64            android:exported="true"
64-->src/main/AndroidManifest.xml:19:433-456
65            android:hardwareAccelerated="false"
65-->src/main/AndroidManifest.xml:19:397-432
66            android:launchMode="singleTask"
66-->src/main/AndroidManifest.xml:19:148-179
67            android:resizeableActivity="false"
67-->src/main/AndroidManifest.xml:19:362-396
68            android:screenOrientation="fullUser"
68-->src/main/AndroidManifest.xml:19:111-147
69            android:theme="@style/UnityThemeSelector" >
69-->src/main/AndroidManifest.xml:19:69-110
70
71            <!--
72      <intent-filter>
73        <category android:name="android.intent.category.LAUNCHER" />
74        <action android:name="android.intent.action.MAIN" />
75      </intent-filter>
76            -->
77            <meta-data
77-->src/main/AndroidManifest.xml:24:7-82
78                android:name="unityplayer.UnityActivity"
78-->src/main/AndroidManifest.xml:24:18-58
79                android:value="true" />
79-->src/main/AndroidManifest.xml:24:59-79
80            <meta-data
80-->src/main/AndroidManifest.xml:25:7-70
81                android:name="notch_support"
81-->src/main/AndroidManifest.xml:25:18-46
82                android:value="true" />
82-->src/main/AndroidManifest.xml:25:47-67
83        </activity>
84
85        <meta-data
85-->src/main/AndroidManifest.xml:27:5-119
86            android:name="com.google.android.ar.API_KEY"
86-->src/main/AndroidManifest.xml:27:16-60
87            android:value="AIzaSyBe5jfn3QagJz1LL7PoAuYlmosvi4nIkAU" />
87-->src/main/AndroidManifest.xml:27:61-116
88        <meta-data
88-->src/main/AndroidManifest.xml:28:5-88
89            android:name="unityplayer.SkipPermissionsDialog"
89-->src/main/AndroidManifest.xml:28:16-64
90            android:value="true" />
90-->src/main/AndroidManifest.xml:28:65-85
91        <meta-data
91-->src/main/AndroidManifest.xml:29:5-77
92            android:name="com.google.ar.core"
92-->src/main/AndroidManifest.xml:29:16-49
93            android:value="required" />
93-->src/main/AndroidManifest.xml:29:50-74
94    </application>
95
96</manifest>